<?xml version="1.0" encoding="UTF-8"?>
<testng-results ignored="0" total="1" passed="1" failed="0" skipped="0">
  <reporter-output>
  </reporter-output>
  <suite started-at="2026-04-09T23:48:06 IST" name="Surefire suite" finished-at="2026-04-09T23:49:20 IST" duration-ms="73471">
    <groups>
    </groups>
    <test started-at="2026-04-09T23:48:06 IST" name="Surefire test" finished-at="2026-04-09T23:49:20 IST" duration-ms="73471">
      <class name="tests.BankingTest">
        <test-method is-config="true" signature="setup()[pri:0, instance:tests.BankingTest@419c5f1a]" started-at="2026-04-09T23:48:06 IST" name="setup" finished-at="2026-04-09T23:48:11 IST" duration-ms="4782" status="PASS">
          <reporter-output>
          </reporter-output>
        </test-method> <!-- setup -->
        <test-method signature="openAppManual()[pri:0, instance:tests.BankingTest@419c5f1a]" started-at="2026-04-09T23:48:11 IST" name="openAppManual" finished-at="2026-04-09T23:49:20 IST" duration-ms="68654" status="PASS">
          <reporter-output>
          </reporter-output>
        </test-method> <!-- openAppManual -->
      </class> <!-- tests.BankingTest -->
    </test> <!-- Surefire test -->
  </suite> <!-- Surefire suite -->
</testng-results>
